<?xml version="1.0" encoding="UTF-8"?>
<!-- Generated by org.testng.reporters.JUnitReportReporter -->
<testsuite hostname="AanandSarath" failures="0" tests="1" name="testng.TestngSample" time="12.294" errors="0" timestamp="2024-08-15T17:29:44 IST" skipped="0">
  <testcase classname="testng.TestngSample" name="loginPage" time="12.294"/>
  <system-out/>
</testsuite> <!-- testng.TestngSample -->
