<?xml version="1.0" encoding="UTF-8"?>
<!-- Generated by org.testng.reporters.JUnitReportReporter -->
<testsuite hostname="AanandSarath" failures="0" tests="1" name="runner.CreateOpportunity_TC001" time="17.408" errors="0" timestamp="2024-10-23T17:25:04 IST" skipped="0">
  <testcase classname="runner.CreateOpportunity_TC001" name="runner" time="17.408"/>
  <system-out/>
</testsuite> <!-- runner.CreateOpportunity_TC001 -->
